#!/bin/bash

# -----------------------------
# CONFIGURACIÓN
# -----------------------------
REPO_DIR="$(dirname "$0")/.."      # raíz del repositorio
LOG_FILE="$REPO_DIR/logs/autocommit.log"
BRANCH="main"                      # cambia si usas master u otra rama
GIT_USER="Juan Pablo Castillo Velasquez"
GIT_EMAIL="juanpablo207k@gmail.com"

# -----------------------------
# PREPARACIÓN
# -----------------------------
mkdir -p "$REPO_DIR/logs"
cd "$REPO_DIR" || exit

# Configurar git si no está configurado
git config user.name "$GIT_USER"
git config user.email "$GIT_EMAIL"

# Función para log con fecha y hora
log() {
    echo "[$(date '+%Y-%m-%d %H:%M:%S')] $1" >> "$LOG_FILE"
}

log "=== Iniciando auto-commit ==="

# -----------------------------
# AUTO-COMMIT
# -----------------------------
if git diff-index --quiet HEAD --; then
    log "No hay cambios para commitear."
else
    git add .
    COMMIT_MSG="Auto-commit $(date '+%Y-%m-%d %H:%M:%S')"
    
    if git commit -m "$COMMIT_MSG"; then
        log "✅ Commit realizado: $COMMIT_MSG"
        
        if git push origin "$BRANCH" 2>&1 | tee -a "$LOG_FILE"; then
            log "✅ Push exitoso"
        else
            log "⚠️ Push fallido, se intentará la próxima vez"
        fi
    else
        log "❌ Commit fallido"
    fi
fi

log "=== Auto-commit finalizado ==="
echo "" >> "$LOG_FILE"
